2026-07-12 21:39:25,674 | INFO | ======================================================================
2026-07-12 21:39:25,674 | INFO | CrimeLensAI Dataset Import Started
2026-07-12 21:39:25,674 | INFO | ======================================================================
2026-07-12 21:39:25,674 | INFO | 
2026-07-12 21:39:25,674 | INFO | ----------------------------------------------------------------------
2026-07-12 21:39:25,674 | INFO | TABLE : criminals
2026-07-12 21:39:25,674 | INFO | ----------------------------------------------------------------------
2026-07-12 21:39:25,674 | INFO | Reading criminals.csv
2026-07-12 21:39:25,690 | INFO | 3000 records loaded.
2026-07-12 21:39:37,086 | INFO | criminals completed.
2026-07-12 21:39:37,086 | INFO | 
2026-07-12 21:39:37,086 | INFO | ----------------------------------------------------------------------
2026-07-12 21:39:37,086 | INFO | TABLE : victims
2026-07-12 21:39:37,086 | INFO | ----------------------------------------------------------------------
2026-07-12 21:39:37,086 | INFO | Reading victims.csv
2026-07-12 21:39:37,110 | INFO | 5000 records loaded.
2026-07-12 21:39:53,468 | INFO | victims completed.
2026-07-12 21:39:53,469 | INFO | 
2026-07-12 21:39:53,469 | INFO | ----------------------------------------------------------------------
2026-07-12 21:39:53,469 | INFO | TABLE : police_stations
2026-07-12 21:39:53,469 | INFO | ----------------------------------------------------------------------
2026-07-12 21:39:53,469 | INFO | Reading police_stations.csv
2026-07-12 21:39:53,477 | INFO | 100 records loaded.
2026-07-12 21:39:53,772 | INFO | police_stations completed.
2026-07-12 21:39:53,772 | INFO | 
2026-07-12 21:39:53,772 | INFO | ----------------------------------------------------------------------
2026-07-12 21:39:53,772 | INFO | TABLE : firs
2026-07-12 21:39:53,772 | INFO | ----------------------------------------------------------------------
2026-07-12 21:39:53,773 | INFO | Reading firs.csv
2026-07-12 21:39:53,863 | INFO | 10000 records loaded.
2026-07-12 21:40:27,554 | INFO | firs completed.
2026-07-12 21:40:27,554 | INFO | 
2026-07-12 21:40:27,554 | INFO | ----------------------------------------------------------------------
2026-07-12 21:40:27,554 | INFO | TABLE : transactions
2026-07-12 21:40:27,554 | INFO | ----------------------------------------------------------------------
2026-07-12 21:40:27,555 | INFO | Reading transactions.csv
2026-07-12 21:40:27,653 | INFO | 20000 records loaded.
2026-07-12 21:41:28,602 | INFO | transactions completed.
2026-07-12 21:41:28,602 | INFO | 
2026-07-12 21:41:28,602 | INFO | ----------------------------------------------------------------------
2026-07-12 21:41:28,603 | INFO | TABLE : crime_relationships
2026-07-12 21:41:28,603 | INFO | ----------------------------------------------------------------------
2026-07-12 21:41:28,603 | INFO | Reading crime_relationships.csv
2026-07-12 21:41:28,670 | INFO | 15000 records loaded.
2026-07-12 21:42:11,382 | INFO | crime_relationships completed.
2026-07-12 21:42:11,382 | INFO | 
2026-07-12 21:42:11,382 | INFO | ----------------------------------------------------------------------
2026-07-12 21:42:11,382 | INFO | TABLE : demographics
2026-07-12 21:42:11,382 | INFO | ----------------------------------------------------------------------
2026-07-12 21:42:11,382 | INFO | Reading demographics.csv
2026-07-12 21:42:11,390 | INFO | 31 records loaded.
2026-07-12 21:42:11,589 | INFO | demographics completed.
2026-07-12 21:42:11,589 | INFO | ======================================================================
2026-07-12 21:42:11,589 | INFO | ALL TABLES IMPORTED
2026-07-12 21:42:11,589 | INFO | ======================================================================
2026-07-12 21:42:11,589 | INFO | 
2026-07-12 21:42:11,589 | INFO | ======================================================================
2026-07-12 21:42:11,589 | INFO | IMPORT SUMMARY
2026-07-12 21:42:11,590 | INFO | ======================================================================
2026-07-12 21:42:11,590 | INFO | {'table': 'criminals', 'status': 'Completed', 'rows': 3000}
2026-07-12 21:42:11,590 | INFO | {'table': 'victims', 'status': 'Completed', 'rows': 5000}
2026-07-12 21:42:11,590 | INFO | {'table': 'police_stations', 'status': 'Completed', 'rows': 100}
2026-07-12 21:42:11,590 | INFO | {'table': 'firs', 'status': 'Completed', 'rows': 10000}
2026-07-12 21:42:11,590 | INFO | {'table': 'transactions', 'status': 'Completed', 'rows': 20000}
2026-07-12 21:42:11,590 | INFO | {'table': 'crime_relationships', 'status': 'Completed', 'rows': 15000}
2026-07-12 21:42:11,591 | INFO | {'table': 'demographics', 'status': 'Completed', 'rows': 31}
2026-07-12 21:42:11,591 | INFO | ======================================================================
